0 info it worked if it ends with ok
1 verbose cli [ '/home/jhonatan/.nvm/versions/node/v6.3.1/bin/node',
1 verbose cli   '/home/jhonatan/.nvm/versions/node/v6.3.1/bin/npm',
1 verbose cli   'publish' ]
2 info using npm@3.10.3
3 info using node@v6.3.1
4 verbose publish [ '.' ]
5 silly cache add args [ '.', null ]
6 verbose cache add spec .
7 silly cache add parsed spec Result {
7 silly cache add   raw: '.',
7 silly cache add   scope: null,
7 silly cache add   escapedName: null,
7 silly cache add   name: null,
7 silly cache add   rawSpec: '.',
7 silly cache add   spec: '/home/jhonatan/app/studies-npm-modules',
7 silly cache add   type: 'directory' }
8 verbose addLocalDirectory /home/jhonatan/.npm/studies-npm-modules/1.1.0/package.tgz not in flight; packing
9 verbose correctMkdir /home/jhonatan/.npm correctMkdir not in flight; initializing
10 info lifecycle studies-npm-modules@1.1.0~prepublish: studies-npm-modules@1.1.0
11 verbose lifecycle studies-npm-modules@1.1.0~prepublish: unsafe-perm in lifecycle true
12 verbose lifecycle studies-npm-modules@1.1.0~prepublish: PATH: /home/jhonatan/.nvm/versions/node/v6.3.1/lib/node_modules/npm/bin/node-gyp-bin:/home/jhonatan/app/studies-npm-modules/node_modules/.bin:/home/jhonatan/.nvm/versions/node/v6.3.1/bin:/home/jhonatan/.rvm/gems/ruby-2.3.1@tuneduc/bin:/home/jhonatan/.rvm/gems/ruby-2.3.1@global/bin:/home/jhonatan/.rvm/rubies/ruby-2.3.1/bin:/home/jhonatan/.rvm/bin:/home/jhonatan/.nvm/versions/node/v6.3.1/bin:/usr/local/bin:/home/jhonatan/bin:/home/jhonatan/.local/bin:/usr/local/sbin:/usr/local/bin:/usr/sbin:/usr/bin:/sbin:/bin:/usr/games:/usr/local/games:/snap/bin
13 verbose lifecycle studies-npm-modules@1.1.0~prepublish: CWD: /home/jhonatan/app/studies-npm-modules
14 silly lifecycle studies-npm-modules@1.1.0~prepublish: Args: [ '-c',
14 silly lifecycle   'node_modules/babel-cli/bin/babel.js src/js --out-dir dist' ]
15 silly lifecycle studies-npm-modules@1.1.0~prepublish: Returned: code: 0  signal: null
16 verbose tar pack [ '/home/jhonatan/.npm/studies-npm-modules/1.1.0/package.tgz',
16 verbose tar pack   '/home/jhonatan/app/studies-npm-modules' ]
17 verbose tarball /home/jhonatan/.npm/studies-npm-modules/1.1.0/package.tgz
18 verbose folder /home/jhonatan/app/studies-npm-modules
19 verbose addLocalTarball adding from inside cache /home/jhonatan/.npm/studies-npm-modules/1.1.0/package.tgz
20 verbose correctMkdir /home/jhonatan/.npm correctMkdir not in flight; initializing
21 silly cache afterAdd studies-npm-modules@1.1.0
22 verbose afterAdd /home/jhonatan/.npm/studies-npm-modules/1.1.0/package/package.json not in flight; writing
23 verbose correctMkdir /home/jhonatan/.npm correctMkdir not in flight; initializing
24 verbose afterAdd /home/jhonatan/.npm/studies-npm-modules/1.1.0/package/package.json written
25 silly publish { name: 'studies-npm-modules',
25 silly publish   version: '1.1.0',
25 silly publish   description: 'Studies NPM',
25 silly publish   main: 'dist/js/index.js',
25 silly publish   scripts:
25 silly publish    { test: 'echo "Error: no test specified" && exit 1',
25 silly publish      webpack: 'webpack --config webpack.config.babel.js',
25 silly publish      prepublish: 'node_modules/babel-cli/bin/babel.js src/js --out-dir dist' },
25 silly publish   repository:
25 silly publish    { type: 'git',
25 silly publish      url: 'git+https://github.com/jhsilva/studies-npm-modules.git' },
25 silly publish   keywords: [ 'Studies', 'NPM' ],
25 silly publish   author: { name: 'jhsilva' },
25 silly publish   license: 'MIT',
25 silly publish   bugs: { url: 'https://github.com/jhsilva/studies-npm-modules/issues' },
25 silly publish   babel: { presets: [ 'es2015' ] },
25 silly publish   homepage: 'https://github.com/jhsilva/studies-npm-modules#readme',
25 silly publish   devDependencies:
25 silly publish    { 'babel-cli': '^6.11.4',
25 silly publish      'babel-core': '^6.13.2',
25 silly publish      'babel-loader': '^6.2.4',
25 silly publish      'babel-preset-es2015': '^6.13.2',
25 silly publish      webpack: '^1.13.1' },
25 silly publish   readme: '### Studies NPM\n\nCreate modules\n',
25 silly publish   readmeFilename: 'readme.md',
25 silly publish   gitHead: 'b3cb6d7c7c4694ca728c3c084cf6683ac07a007a',
25 silly publish   _id: 'studies-npm-modules@1.1.0',
25 silly publish   _shasum: '10471e4f14082d6c191c0b71710db0ddaec5e274',
25 silly publish   _from: '.' }
26 verbose getPublishConfig undefined
27 silly mapToRegistry name studies-npm-modules
28 silly mapToRegistry using default registry
29 silly mapToRegistry registry https://registry.npmjs.org/
30 silly mapToRegistry data Result {
30 silly mapToRegistry   raw: 'studies-npm-modules',
30 silly mapToRegistry   scope: null,
30 silly mapToRegistry   escapedName: 'studies-npm-modules',
30 silly mapToRegistry   name: 'studies-npm-modules',
30 silly mapToRegistry   rawSpec: '',
30 silly mapToRegistry   spec: 'latest',
30 silly mapToRegistry   type: 'tag' }
31 silly mapToRegistry uri https://registry.npmjs.org/studies-npm-modules
32 verbose publish registryBase https://registry.npmjs.org/
33 silly publish uploading /home/jhonatan/.npm/studies-npm-modules/1.1.0/package.tgz
34 verbose request uri https://registry.npmjs.org/studies-npm-modules
35 verbose request sending authorization for write operation
36 info attempt registry request try #1 at 10:40:05 AM
37 verbose request using bearer token for auth
38 verbose request id cb3486157bfc5078
39 http request PUT https://registry.npmjs.org/studies-npm-modules
40 http 403 https://registry.npmjs.org/studies-npm-modules
41 verbose headers { 'content-type': 'application/json',
41 verbose headers   'cache-control': 'max-age=300',
41 verbose headers   'content-length': '95',
41 verbose headers   'accept-ranges': 'bytes',
41 verbose headers   date: 'Sat, 06 Aug 2016 13:40:06 GMT',
41 verbose headers   via: '1.1 varnish',
41 verbose headers   connection: 'keep-alive',
41 verbose headers   'x-served-by': 'cache-gru7124-GRU',
41 verbose headers   'x-cache': 'MISS',
41 verbose headers   'x-cache-hits': '0',
41 verbose headers   'x-timer': 'S1470490805.345444,VS0,VE768',
41 verbose headers   vary: 'Accept-Encoding' }
42 verbose request invalidating /home/jhonatan/.npm/registry.npmjs.org/studies-npm-modules on PUT
43 error publish Failed PUT 403
44 verbose stack Error: "You cannot publish over the previously published version 1.1.0." : studies-npm-modules
44 verbose stack     at makeError (/home/jhonatan/.nvm/versions/node/v6.3.1/lib/node_modules/npm/node_modules/npm-registry-client/lib/request.js:264:12)
44 verbose stack     at CachingRegistryClient.<anonymous> (/home/jhonatan/.nvm/versions/node/v6.3.1/lib/node_modules/npm/node_modules/npm-registry-client/lib/request.js:252:14)
44 verbose stack     at Request._callback (/home/jhonatan/.nvm/versions/node/v6.3.1/lib/node_modules/npm/node_modules/npm-registry-client/lib/request.js:172:14)
44 verbose stack     at Request.self.callback (/home/jhonatan/.nvm/versions/node/v6.3.1/lib/node_modules/npm/node_modules/request/request.js:200:22)
44 verbose stack     at emitTwo (events.js:106:13)
44 verbose stack     at Request.emit (events.js:191:7)
44 verbose stack     at Request.<anonymous> (/home/jhonatan/.nvm/versions/node/v6.3.1/lib/node_modules/npm/node_modules/request/request.js:1067:10)
44 verbose stack     at emitOne (events.js:101:20)
44 verbose stack     at Request.emit (events.js:188:7)
44 verbose stack     at IncomingMessage.<anonymous> (/home/jhonatan/.nvm/versions/node/v6.3.1/lib/node_modules/npm/node_modules/request/request.js:988:12)
45 verbose statusCode 403
46 verbose pkgid studies-npm-modules
47 verbose cwd /home/jhonatan/app/studies-npm-modules
48 error Linux 4.4.0-31-generic
49 error argv "/home/jhonatan/.nvm/versions/node/v6.3.1/bin/node" "/home/jhonatan/.nvm/versions/node/v6.3.1/bin/npm" "publish"
50 error node v6.3.1
51 error npm  v3.10.3
52 error code E403
53 error "You cannot publish over the previously published version 1.1.0." : studies-npm-modules
54 error If you need help, you may report this error at:
54 error     <https://github.com/npm/npm/issues>
55 verbose exit [ 1, true ]
